0 info it worked if it ends with ok
1 verbose cli [ '/usr/bin/node', '/usr/bin/npm', 'publish' ]
2 info using npm@1.3.24
3 info using node@v0.10.25
4 verbose node symlink /usr/bin/node
5 verbose publish [ '.' ]
6 verbose cache add [ '.', null ]
7 verbose cache add name=undefined spec="." args=[".",null]
8 verbose parsed url { protocol: null,
8 verbose parsed url   slashes: null,
8 verbose parsed url   auth: null,
8 verbose parsed url   host: null,
8 verbose parsed url   port: null,
8 verbose parsed url   hostname: null,
8 verbose parsed url   hash: null,
8 verbose parsed url   search: null,
8 verbose parsed url   query: null,
8 verbose parsed url   pathname: '.',
8 verbose parsed url   path: '.',
8 verbose parsed url   href: '.' }
9 silly lockFile 3a52ce78- .
10 verbose lock . /home/miroshko/.npm/3a52ce78-.lock
11 verbose tar pack [ '/home/miroshko/tmp/npm-3750-ZqJRM_NZ/1414800893031-0.587414086330682/tmp.tgz',
11 verbose tar pack   '.' ]
12 verbose tarball /home/miroshko/tmp/npm-3750-ZqJRM_NZ/1414800893031-0.587414086330682/tmp.tgz
13 verbose folder .
14 info prepublish grunt-tpl@1.0.2
15 silly lockFile 1f1177db-tar tar://.
16 verbose lock tar://. /home/miroshko/.npm/1f1177db-tar.lock
17 silly lockFile e706f993-893031-0-587414086330682-tmp-tgz tar:///home/miroshko/tmp/npm-3750-ZqJRM_NZ/1414800893031-0.587414086330682/tmp.tgz
18 verbose lock tar:///home/miroshko/tmp/npm-3750-ZqJRM_NZ/1414800893031-0.587414086330682/tmp.tgz /home/miroshko/.npm/e706f993-893031-0-587414086330682-tmp-tgz.lock
19 silly lockFile 1f1177db-tar tar://.
20 silly lockFile 1f1177db-tar tar://.
21 silly lockFile e706f993-893031-0-587414086330682-tmp-tgz tar:///home/miroshko/tmp/npm-3750-ZqJRM_NZ/1414800893031-0.587414086330682/tmp.tgz
22 silly lockFile e706f993-893031-0-587414086330682-tmp-tgz tar:///home/miroshko/tmp/npm-3750-ZqJRM_NZ/1414800893031-0.587414086330682/tmp.tgz
23 verbose tar unpack /home/miroshko/tmp/npm-3750-ZqJRM_NZ/1414800893031-0.587414086330682/tmp.tgz
24 silly lockFile 76a5ec08-893031-0-587414086330682-package tar:///home/miroshko/tmp/npm-3750-ZqJRM_NZ/1414800893031-0.587414086330682/package
25 verbose lock tar:///home/miroshko/tmp/npm-3750-ZqJRM_NZ/1414800893031-0.587414086330682/package /home/miroshko/.npm/76a5ec08-893031-0-587414086330682-package.lock
26 silly lockFile e706f993-893031-0-587414086330682-tmp-tgz tar:///home/miroshko/tmp/npm-3750-ZqJRM_NZ/1414800893031-0.587414086330682/tmp.tgz
27 verbose lock tar:///home/miroshko/tmp/npm-3750-ZqJRM_NZ/1414800893031-0.587414086330682/tmp.tgz /home/miroshko/.npm/e706f993-893031-0-587414086330682-tmp-tgz.lock
28 silly gunzTarPerm modes [ '755', '644' ]
29 silly gunzTarPerm extractEntry package.json
30 silly gunzTarPerm modified mode [ 'package.json', 436, 420 ]
31 silly gunzTarPerm extractEntry .npmignore
32 silly gunzTarPerm modified mode [ '.npmignore', 436, 420 ]
33 silly gunzTarPerm extractEntry README.md
34 silly gunzTarPerm modified mode [ 'README.md', 436, 420 ]
35 silly gunzTarPerm extractEntry Gruntfile.js
36 silly gunzTarPerm modified mode [ 'Gruntfile.js', 436, 420 ]
37 silly gunzTarPerm extractEntry .jshintrc
38 silly gunzTarPerm modified mode [ '.jshintrc', 436, 420 ]
39 silly gunzTarPerm extractEntry LICENSE-MIT
40 silly gunzTarPerm modified mode [ 'LICENSE-MIT', 436, 420 ]
41 silly gunzTarPerm extractEntry bin/grunt-tpl
42 silly gunzTarPerm extractEntry tasks/tpl.js
43 silly gunzTarPerm modified mode [ 'tasks/tpl.js', 436, 420 ]
44 silly gunzTarPerm extractEntry test/tpl_test.js
45 silly gunzTarPerm modified mode [ 'test/tpl_test.js', 436, 420 ]
46 silly gunzTarPerm extractEntry test/templates/a.mustache
47 silly gunzTarPerm modified mode [ 'test/templates/a.mustache', 436, 420 ]
48 silly gunzTarPerm extractEntry test/templates/b.tpl
49 silly gunzTarPerm modified mode [ 'test/templates/b.tpl', 436, 420 ]
50 silly gunzTarPerm extractEntry test/templates/c
51 silly gunzTarPerm modified mode [ 'test/templates/c', 436, 420 ]
52 silly lockFile 76a5ec08-893031-0-587414086330682-package tar:///home/miroshko/tmp/npm-3750-ZqJRM_NZ/1414800893031-0.587414086330682/package
53 silly lockFile 76a5ec08-893031-0-587414086330682-package tar:///home/miroshko/tmp/npm-3750-ZqJRM_NZ/1414800893031-0.587414086330682/package
54 silly lockFile e706f993-893031-0-587414086330682-tmp-tgz tar:///home/miroshko/tmp/npm-3750-ZqJRM_NZ/1414800893031-0.587414086330682/tmp.tgz
55 silly lockFile e706f993-893031-0-587414086330682-tmp-tgz tar:///home/miroshko/tmp/npm-3750-ZqJRM_NZ/1414800893031-0.587414086330682/tmp.tgz
56 verbose tar pack [ '/home/miroshko/.npm/grunt-tpl/1.0.2/package.tgz',
56 verbose tar pack   '/home/miroshko/tmp/npm-3750-ZqJRM_NZ/1414800893031-0.587414086330682/package' ]
57 verbose tarball /home/miroshko/.npm/grunt-tpl/1.0.2/package.tgz
58 verbose folder /home/miroshko/tmp/npm-3750-ZqJRM_NZ/1414800893031-0.587414086330682/package
59 silly lockFile 76a5ec08-893031-0-587414086330682-package tar:///home/miroshko/tmp/npm-3750-ZqJRM_NZ/1414800893031-0.587414086330682/package
60 verbose lock tar:///home/miroshko/tmp/npm-3750-ZqJRM_NZ/1414800893031-0.587414086330682/package /home/miroshko/.npm/76a5ec08-893031-0-587414086330682-package.lock
61 silly lockFile 1feb7888--npm-grunt-tpl-1-0-2-package-tgz tar:///home/miroshko/.npm/grunt-tpl/1.0.2/package.tgz
62 verbose lock tar:///home/miroshko/.npm/grunt-tpl/1.0.2/package.tgz /home/miroshko/.npm/1feb7888--npm-grunt-tpl-1-0-2-package-tgz.lock
63 silly lockFile 76a5ec08-893031-0-587414086330682-package tar:///home/miroshko/tmp/npm-3750-ZqJRM_NZ/1414800893031-0.587414086330682/package
64 silly lockFile 76a5ec08-893031-0-587414086330682-package tar:///home/miroshko/tmp/npm-3750-ZqJRM_NZ/1414800893031-0.587414086330682/package
65 silly lockFile 1feb7888--npm-grunt-tpl-1-0-2-package-tgz tar:///home/miroshko/.npm/grunt-tpl/1.0.2/package.tgz
66 silly lockFile 1feb7888--npm-grunt-tpl-1-0-2-package-tgz tar:///home/miroshko/.npm/grunt-tpl/1.0.2/package.tgz
67 silly lockFile b99d3f00-shko-npm-grunt-tpl-1-0-2-package /home/miroshko/.npm/grunt-tpl/1.0.2/package
68 verbose lock /home/miroshko/.npm/grunt-tpl/1.0.2/package /home/miroshko/.npm/b99d3f00-shko-npm-grunt-tpl-1-0-2-package.lock
69 silly lockFile b99d3f00-shko-npm-grunt-tpl-1-0-2-package /home/miroshko/.npm/grunt-tpl/1.0.2/package
70 silly lockFile b99d3f00-shko-npm-grunt-tpl-1-0-2-package /home/miroshko/.npm/grunt-tpl/1.0.2/package
71 verbose tar unpack /home/miroshko/.npm/grunt-tpl/1.0.2/package.tgz
72 silly lockFile c021d300-shko-npm-grunt-tpl-1-0-2-package tar:///home/miroshko/.npm/grunt-tpl/1.0.2/package
73 verbose lock tar:///home/miroshko/.npm/grunt-tpl/1.0.2/package /home/miroshko/.npm/c021d300-shko-npm-grunt-tpl-1-0-2-package.lock
74 silly lockFile 1feb7888--npm-grunt-tpl-1-0-2-package-tgz tar:///home/miroshko/.npm/grunt-tpl/1.0.2/package.tgz
75 verbose lock tar:///home/miroshko/.npm/grunt-tpl/1.0.2/package.tgz /home/miroshko/.npm/1feb7888--npm-grunt-tpl-1-0-2-package-tgz.lock
76 silly gunzTarPerm modes [ '755', '644' ]
77 silly gunzTarPerm extractEntry package.json
78 silly gunzTarPerm extractEntry .npmignore
79 silly gunzTarPerm extractEntry README.md
80 silly gunzTarPerm extractEntry Gruntfile.js
81 silly gunzTarPerm extractEntry .jshintrc
82 silly gunzTarPerm extractEntry LICENSE-MIT
83 silly gunzTarPerm extractEntry bin/grunt-tpl
84 silly gunzTarPerm extractEntry tasks/tpl.js
85 silly gunzTarPerm extractEntry test/tpl_test.js
86 silly gunzTarPerm extractEntry test/templates/a.mustache
87 silly gunzTarPerm extractEntry test/templates/b.tpl
88 silly gunzTarPerm extractEntry test/templates/c
89 silly lockFile c021d300-shko-npm-grunt-tpl-1-0-2-package tar:///home/miroshko/.npm/grunt-tpl/1.0.2/package
90 silly lockFile c021d300-shko-npm-grunt-tpl-1-0-2-package tar:///home/miroshko/.npm/grunt-tpl/1.0.2/package
91 silly lockFile 1feb7888--npm-grunt-tpl-1-0-2-package-tgz tar:///home/miroshko/.npm/grunt-tpl/1.0.2/package.tgz
92 silly lockFile 1feb7888--npm-grunt-tpl-1-0-2-package-tgz tar:///home/miroshko/.npm/grunt-tpl/1.0.2/package.tgz
93 verbose chmod /home/miroshko/.npm/grunt-tpl/1.0.2/package.tgz 644
94 verbose chown /home/miroshko/.npm/grunt-tpl/1.0.2/package.tgz [ 1000, 1000 ]
95 silly lockFile 3a52ce78- .
96 silly lockFile 3a52ce78- .
97 silly publish { name: 'grunt-tpl',
97 silly publish   description: 'Concatenate templates to one object in one file.',
97 silly publish   version: '1.0.2',
97 silly publish   homepage: 'https://github.com/reputation/grunt-tpl',
97 silly publish   author: { name: 'Jeff Harnois', email: 'jeff.harnois@reputation.com' },
97 silly publish   repository:
97 silly publish    { type: 'git',
97 silly publish      url: 'git://github.com/reputation/grunt-tpl.git' },
97 silly publish   bugs: { url: 'https://github.com/reputation/grunt-tpl/issues' },
97 silly publish   licenses:
97 silly publish    [ { type: 'MIT',
97 silly publish        url: 'https://github.com/reputation/grunt-tpl/blob/master/LICENSE-MIT' } ],
97 silly publish   main: 'grunt.js',
97 silly publish   bin: { 'grunt-tpl': 'bin/grunt-tpl' },
97 silly publish   engines: { node: '*' },
97 silly publish   scripts: { test: 'grunt test' },
97 silly publish   dependencies: { 'grunt-lib-contrib': '~0.5.1' },
97 silly publish   devDependencies:
97 silly publish    { 'grunt-contrib-jshint': '~0.2.0',
97 silly publish      'grunt-contrib-nodeunit': '~0.1.2',
97 silly publish      'grunt-contrib-internal': '~0.4.2',
97 silly publish      'grunt-contrib-clean': '~0.4.0',
97 silly publish      grunt: '~0.4.0' },
97 silly publish   peerDependencies: { grunt: '~0.4.0' },
97 silly publish   keywords: [ 'gruntplugin' ],
97 silly publish   readme: '# grunt-tpl\n\nConcatenate templates to one object in one file.\n\n## Getting Started\nInstall this grunt plugin next to your project\'s [grunt.js gruntfile][getting_started] with: `npm install grunt-tpl`\n\nThen add this line to your project\'s `grunt.js` gruntfile:\n\n```javascript\ngrunt.loadNpmTasks(\'grunt-tpl\');\n```\n\n[grunt]: https://github.com/cowboy/grunt\n[getting_started]: https://github.com/cowboy/grunt/blob/master/docs/getting_started.md\n\n## Documentation\n\nThis task is meant to concatenate templates of any variety to one file with with one object to be compiled client-side.\n\n### Project Configuration\nThis example shows a brief overview of the [grunt.js gruntfile][getting_started] config properties used by the `tpl` task.\n\n```javascript\n// Project configuration.\ngrunt.initConfig({\n  tpl: {\n    "path/to/concatenated/template-file.js": ["array/of/paths/to/templates/**/*", "/exact/location/of/template.mustache"]\n  }\n});\n```\n\nSpecify the paths to the concatenated template files as keys. That filename (extension or not) will be used to namespace the Object. The values can be a string or array of strings to relative or absolute paths to your template files. You can use wildcards such as `/**/*` and `/*.js` as documented by [minimatch](https://github.com/isaacs/minimatch).\n\n### Example\n\nAssume you have three Mustache templates named `a.mustache`, `b.tpl`, and `c` in a directory `test/templates/`.\n\n#### a.mustache\n\n    Hello {{a}}\n\n#### b.tpl\n\n    <ul>\n    {{#items}}\n      <li>{{.}}</li>\n    {{/items}}\n    </ul>\n\n#### c\n\n    template {{c}}\n\nIf you want them concatenated into the file `simple/path/t.js`, your config would be:\n\n```javascript\ngrunt.initConfig({\n  // ... other configs\n\n  tpl: {\n    "simple/path/t.js": ["test/templates/*"]\n  }\n\n  // ... other configs\n});\n```\n\n#### t.js\n\n```javascript\nthis[\'t\'] = this[\'t\'] || {};\n\nthis[\'t\'][\'a\'] = \'Hello {{a}}\';\n\nthis[\'t\'][\'b\'] = \'<ul>{{#items}}  <li>{{.}}</li>{{/items}}</ul>\';\n\nthis[\'t\'][\'c\'] = \'template {{c}}\';\n```\n\n**The filenames of your templates will be used as keys in the object**\n\nYou can then compile these at any time.\n\n```javascript\nvar h = Hogan.compile(window.t[\'a\']);\nh.render(info);\n```\n\n## Contributing\nIn lieu of a formal styleguide, take care to maintain the existing coding style. Add unit tests for any new or changed functionality. Lint and test your code using [grunt][grunt].\n\n## Release History\n\n2013/03/28 - v1.0.0 - Update to grunt 4.0.0.\n\n2012/04/25 - v0.1.0 - Initial release.\n\n## License\nCopyright (c) 2013 Reputation.com\nLicensed under the MIT license.\n',
97 silly publish   readmeFilename: 'README.md',
97 silly publish   _id: 'grunt-tpl@1.0.2',
97 silly publish   dist: { shasum: 'df02551b5014972de6c384f1e0ebe5e2ecb94a81' },
97 silly publish   _from: '.',
97 silly publish   _resolved: 'https://registry.npmjs.org/grunt-tpl/-/grunt-tpl-1.0.0.tgz' }
98 verbose url raw grunt-tpl
99 verbose url resolving [ 'https://registry.npmjs.org/', './grunt-tpl' ]
100 verbose url resolved https://registry.npmjs.org/grunt-tpl
101 info trying registry request attempt 1 at 01:14:54
102 http PUT https://registry.npmjs.org/grunt-tpl
103 http 403 https://registry.npmjs.org/grunt-tpl
104 info trying registry request attempt 1 at 01:14:55
105 http PUT https://registry.npmjs.org/grunt-tpl
106 http 403 https://registry.npmjs.org/grunt-tpl
107 error publish Failed PUT 403
108 error Error: forbidden cannot modify pre-existing version: 1.0.2
108 error old={"name":"grunt-tpl","description":"Concatenate templates to one object in one file.","version":"1.0.2","homepage":"https://github.com/reputation/grunt-tpl","author":{"name":"Jeff Harnois","email":"jeff.harnois@reputation.com"},"repository":{"type":"git","url":"git://github.com/reputation/grunt-tpl.git"},"bugs":{"url":"https://github.com/reputation/grunt-tpl/issues"},"licenses":[{"type":"MIT","url":"https://github.com/reputation/grunt-tpl/blob/master/LICENSE-MIT"}],"main":"grunt.js","bin":{"grunt-tpl":"bin/grunt-tpl"},"engines":{"node":"*"},"scripts":{"test":"grunt test"},"dependencies":{"grunt-lib-contrib":"~0.5.1"},"devDependencies":{"grunt-contrib-jshint":"~0.2.0","grunt-contrib-nodeunit":"~0.1.2","grunt-contrib-internal":"~0.4.2","grunt-contrib-clean":"~0.4.0","grunt":"~0.4.0"},"peerDependencies":{"grunt":"~0.4.0"},"keywords":["gruntplugin"],"readme":"# grunt-tpl\u000a\u000aConcatenate templates to one object in one file.\u000a\u000a## Getting Started\u000aInstall this grunt plugin next to your project's [grunt.js gruntfile][getting_started] with: `npm install grunt-tpl`\u000a\u000aThen add this line to your project's `grunt.js` gruntfile:\u000a\u000a```javascript\u000agrunt.loadNpmTasks('grunt-tpl');\u000a```\u000a\u000a[grunt]: https://github.com/cowboy/grunt\u000a[getting_started]: https://github.com/cowboy/grunt/blob/master/docs/getting_started.md\u000a\u000a## Documentation\u000a\u000aThis task is meant to concatenate templates of any variety to one file with with one object to be compiled client-side.\u000a\u000a### Project Configuration\u000aThis example shows a brief overview of the [grunt.js gruntfile][getting_started] config properties used by the `tpl` task.\u000a\u000a```javascript\u000a// Project configuration.\u000agrunt.initConfig({\u000a  tpl: {\u000a    \"path/to/concatenated/template-file.js\": [\"array/of/paths/to/templates/**/*\", \"/exact/location/of/template.mustache\"]\u000a  }\u000a});\u000a```\u000a\u000aSpecify the paths to the concatenated template files as keys. That filename (extension or not) will be used to namespace the Object. The values can be a string or array of strings to relative or absolute paths to your template files. You can use wildcards such as `/**/*` and `/*.js` as documented by [minimatch](https://github.com/isaacs/minimatch).\u000a\u000a### Example\u000a\u000aAssume you have three Mustache templates named `a.mustache`, `b.tpl`, and `c` in a directory `test/templates/`.\u000a\u000a#### a.mustache\u000a\u000a    Hello {{a}}\u000a\u000a#### b.tpl\u000a\u000a    <ul>\u000a    {{#items}}\u000a      <li>{{.}}</li>\u000a    {{/items}}\u000a    </ul>\u000a\u000a#### c\u000a\u000a    template {{c}}\u000a\u000aIf you want them concatenated into the file `simple/path/t.js`, your config would be:\u000a\u000a```javascript\u000agrunt.initConfig({\u000a  // ... other configs\u000a\u000a  tpl: {\u000a    \"simple/path/t.js\": [\"test/templates/*\"]\u000a  }\u000a\u000a  // ... other configs\u000a});\u000a```\u000a\u000a#### t.js\u000a\u000a```javascript\u000athis['t'] = this['t'] || {};\u000a\u000athis['t']['a'] = 'Hello {{a}}';\u000a\u000athis['t']['b'] = '<ul>{{#items}}  <li>{{.}}</li>{{/items}}</ul>';\u000a\u000athis['t']['c'] = 'template {{c}}';\u000a```\u000a\u000a**The filenames of your templates will be used as keys in the object**\u000a\u000aYou can then compile these at any time.\u000a\u000a```javascript\u000avar h = Hogan.compile(window.t['a']);\u000ah.render(info);\u000a```\u000a\u000a## Contributing\u000aIn lieu of a formal styleguide, take care to maintain the existing coding style. Add unit tests for any new or changed functionality. Lint and test your code using [grunt][grunt].\u000a\u000a## Release History\u000a\u000a2013/03/28 - v1.0.0 - Update to grunt 4.0.0.\u000a\u000a2012/04/25 - v0.1.0 - Initial release.\u000a\u000a## License\u000aCopyright (c) 2013 Reputation.com\u000aLicensed under the MIT license.\u000a","readmeFilename":"README.md","_id":"grunt-tpl@1.0.2","dist":{"shasum":"06672a5138d0d52a709528a0761328c34d4704ad","tarball":"http://registry.npmjs.org/grunt-tpl/-/grunt-tpl-1.0.2.tgz"},"_from":"grunt-tpl/","_resolved":"https://registry.npmjs.org/grunt-tpl/-/grunt-tpl-1.0.0.tgz","_npmVersion":"1.2.2","_npmUser":{"name":"jeff-harnois","email":"jeff.harnois@reputation.com"},"maintainers":[{"name":"maxbeatty","email":"max@anpret.com"},{"name":"jeff-harnois","email":"jeff.harnois@reputation.com"}]}
108 error new={"name":"grunt-tpl","description":"Concatenate templates to one object in one file.","version":"1.0.2","homepage":"https://github.com/reputation/grunt-tpl","author":{"name":"Jeff Harnois","email":"jeff.harnois@reputation.com"},"repository":{"type":"git","url":"git://github.com/reputation/grunt-tpl.git"},"bugs":{"url":"https://github.com/reputation/grunt-tpl/issues"},"licenses":[{"type":"MIT","url":"https://github.com/reputation/grunt-tpl/blob/master/LICENSE-MIT"}],"main":"grunt.js","bin":{"grunt-tpl":"bin/grunt-tpl"},"engines":{"node":"*"},"scripts":{"test":"grunt test"},"dependencies":{"grunt-lib-contrib":"~0.5.1"},"devDependencies":{"grunt-contrib-jshint":"~0.2.0","grunt-contrib-nodeunit":"~0.1.2","grunt-contrib-internal":"~0.4.2","grunt-contrib-clean":"~0.4.0","grunt":"~0.4.0"},"peerDependencies":{"grunt":"~0.4.0"},"keywords":["gruntplugin"],"readme":"# grunt-tpl\u000a\u000aConcatenate templates to one object in one file.\u000a\u000a## Getting Started\u000aInstall this grunt plugin next to your project's [grunt.js gruntfile][getting_started] with: `npm install grunt-tpl`\u000a\u000aThen add this line to your project's `grunt.js` gruntfile:\u000a\u000a```javascript\u000agrunt.loadNpmTasks('grunt-tpl');\u000a```\u000a\u000a[grunt]: https://github.com/cowboy/grunt\u000a[getting_started]: https://github.com/cowboy/grunt/blob/master/docs/getting_started.md\u000a\u000a## Documentation\u000a\u000aThis task is meant to concatenate templates of any variety to one file with with one object to be compiled client-side.\u000a\u000a### Project Configuration\u000aThis example shows a brief overview of the [grunt.js gruntfile][getting_started] config properties used by the `tpl` task.\u000a\u000a```javascript\u000a// Project configuration.\u000agrunt.initConfig({\u000a  tpl: {\u000a    \"path/to/concatenated/template-file.js\": [\"array/of/paths/to/templates/**/*\", \"/exact/location/of/template.mustache\"]\u000a  }\u000a});\u000a```\u000a\u000aSpecify the paths to the concatenated template files as keys. That filename (extension or not) will be used to namespace the Object. The values can be a string or array of strings to relative or absolute paths to your template files. You can use wildcards such as `/**/*` and `/*.js` as documented by [minimatch](https://github.com/isaacs/minimatch).\u000a\u000a### Example\u000a\u000aAssume you have three Mustache templates named `a.mustache`, `b.tpl`, and `c` in a directory `test/templates/`.\u000a\u000a#### a.mustache\u000a\u000a    Hello {{a}}\u000a\u000a#### b.tpl\u000a\u000a    <ul>\u000a    {{#items}}\u000a      <li>{{.}}</li>\u000a    {{/items}}\u000a    </ul>\u000a\u000a#### c\u000a\u000a    template {{c}}\u000a\u000aIf you want them concatenated into the file `simple/path/t.js`, your config would be:\u000a\u000a```javascript\u000agrunt.initConfig({\u000a  // ... other configs\u000a\u000a  tpl: {\u000a    \"simple/path/t.js\": [\"test/templates/*\"]\u000a  }\u000a\u000a  // ... other configs\u000a});\u000a```\u000a\u000a#### t.js\u000a\u000a```javascript\u000athis['t'] = this['t'] || {};\u000a\u000athis['t']['a'] = 'Hello {{a}}';\u000a\u000athis['t']['b'] = '<ul>{{#items}}  <li>{{.}}</li>{{/items}}</ul>';\u000a\u000athis['t']['c'] = 'template {{c}}';\u000a```\u000a\u000a**The filenames of your templates will be used as keys in the object**\u000a\u000aYou can then compile these at any time.\u000a\u000a```javascript\u000avar h = Hogan.compile(window.t['a']);\u000ah.render(info);\u000a```\u000a\u000a## Contributing\u000aIn lieu of a formal styleguide, take care to maintain the existing coding style. Add unit tests for any new or changed functionality. Lint and test your code using [grunt][grunt].\u000a\u000a## Release History\u000a\u000a2013/03/28 - v1.0.0 - Update to grunt 4.0.0.\u000a\u000a2012/04/25 - v0.1.0 - Initial release.\u000a\u000a## License\u000aCopyright (c) 2013 Reputation.com\u000aLicensed under the MIT license.\u000a","readmeFilename":"README.md","_id":"grunt-tpl@1.0.2","dist":{"shasum":"df02551b5014972de6c384f1e0ebe5e2ecb94a81","tarball":"http://registry.npmjs.org/grunt-tpl/-/grunt-tpl-1.0.2.tgz"},"_from":".","_resolved":"https://registry.npmjs.org/grunt-tpl/-/grunt-tpl-1.0.0.tgz","_npmVersion":"1.3.24","_npmUser":{"name":"miroshko","email":"miroshko@live.com"},"maintainers":[{"name":"miroshko","email":"miroshko@live.com"}]}: grunt-tpl
108 error     at RegClient.<anonymous> (/usr/lib/node_modules/npm/node_modules/npm-registry-client/lib/request.js:275:14)
108 error     at Request.self.callback (/usr/lib/node_modules/npm/node_modules/request/request.js:123:22)
108 error     at Request.EventEmitter.emit (events.js:98:17)
108 error     at Request.<anonymous> (/usr/lib/node_modules/npm/node_modules/request/request.js:893:14)
108 error     at Request.EventEmitter.emit (events.js:117:20)
108 error     at IncomingMessage.<anonymous> (/usr/lib/node_modules/npm/node_modules/request/request.js:844:12)
108 error     at IncomingMessage.EventEmitter.emit (events.js:117:20)
108 error     at _stream_readable.js:920:16
108 error     at process._tickCallback (node.js:415:13)
109 error If you need help, you may report this *entire* log,
109 error including the npm and node versions, at:
109 error     <http://github.com/isaacs/npm/issues>
110 error System Linux 3.13.0-37-lowlatency
111 error command "/usr/bin/node" "/usr/bin/npm" "publish"
112 error cwd /home/miroshko/projects/elsewhere_html/node_modules/grunt-tpl
113 error node -v v0.10.25
114 error npm -v 1.3.24
115 verbose exit [ 1, true ]
